  block.c
C:\Users\rohgi\실습파일\C\_C언어프로젝트\block.h(1,1): warning C4828: 파일에 0x51f 오프셋에서 시작하는 문자가 포함되어 있습니다. 이 문자는 현재 원본 문자 집합에서 잘못된 문자입니다(코드 페이지 949).
C:\Users\rohgi\실습파일\C\_C언어프로젝트\block.c(98,3): warning C4013: 'gotoxy'이(가) 정의되지 않았습니다. extern은 int형을 반환하는 것으로 간주합니다.
C:\Users\rohgi\실습파일\C\_C언어프로젝트\block.c(719,18): warning C4047: '함수': 'int (*)[4]'의 간접 참조 수준이 'int *'과(와) 다릅니다.
C:\Users\rohgi\실습파일\C\_C언어프로젝트\block.c(719,15): warning C4024: 'setColor': 형식 및 실제 매개 변수 1의 형식이 서로 다릅니다.
C:\Users\rohgi\실습파일\C\_C언어프로젝트\block.c(719,41): warning C4047: '함수': 'int (*)[4]'의 간접 참조 수준이 'int *'과(와) 다릅니다.
C:\Users\rohgi\실습파일\C\_C언어프로젝트\block.c(719,38): warning C4024: 'setColor': 형식 및 실제 매개 변수 1의 형식이 서로 다릅니다.
C:\Users\rohgi\실습파일\C\_C언어프로젝트\block.c(728,37): warning C4047: '함수': 'int *'의 간접 참조 수준이 'int [4][4]'과(와) 다릅니다.
C:\Users\rohgi\실습파일\C\_C언어프로젝트\block.c(728,34): warning C4024: 'checkXsize': 형식 및 실제 매개 변수 1의 형식이 서로 다릅니다.
C:\Users\rohgi\실습파일\C\_C언어프로젝트\block.c(733,37): warning C4047: '함수': 'int *'의 간접 참조 수준이 'int [4][4]'과(와) 다릅니다.
C:\Users\rohgi\실습파일\C\_C언어프로젝트\block.c(733,34): warning C4024: 'checkXsize': 형식 및 실제 매개 변수 1의 형식이 서로 다릅니다.
C:\Users\rohgi\실습파일\C\_C언어프로젝트\block.c(738,37): warning C4047: '함수': 'int *'의 간접 참조 수준이 'int [4][4]'과(와) 다릅니다.
C:\Users\rohgi\실습파일\C\_C언어프로젝트\block.c(738,34): warning C4024: 'checkXsize': 형식 및 실제 매개 변수 1의 형식이 서로 다릅니다.
C:\Users\rohgi\실습파일\C\_C언어프로젝트\block.c(743,37): warning C4047: '함수': 'int *'의 간접 참조 수준이 'int [4][4]'과(와) 다릅니다.
C:\Users\rohgi\실습파일\C\_C언어프로젝트\block.c(743,34): warning C4024: 'checkXsize': 형식 및 실제 매개 변수 1의 형식이 서로 다릅니다.
C:\Users\rohgi\실습파일\C\_C언어프로젝트\block.c(748,37): warning C4047: '함수': 'int *'의 간접 참조 수준이 'int [4][4]'과(와) 다릅니다.
C:\Users\rohgi\실습파일\C\_C언어프로젝트\block.c(748,34): warning C4024: 'checkXsize': 형식 및 실제 매개 변수 1의 형식이 서로 다릅니다.
C:\Users\rohgi\실습파일\C\_C언어프로젝트\block.c(757,37): warning C4047: '함수': 'int *'의 간접 참조 수준이 'int [4][4]'과(와) 다릅니다.
C:\Users\rohgi\실습파일\C\_C언어프로젝트\block.c(757,34): warning C4024: 'checkXsize': 형식 및 실제 매개 변수 1의 형식이 서로 다릅니다.
C:\Users\rohgi\실습파일\C\_C언어프로젝트\block.c(761,37): warning C4047: '함수': 'int *'의 간접 참조 수준이 'int [4][4]'과(와) 다릅니다.
C:\Users\rohgi\실습파일\C\_C언어프로젝트\block.c(761,34): warning C4024: 'checkXsize': 형식 및 실제 매개 변수 1의 형식이 서로 다릅니다.
C:\Users\rohgi\실습파일\C\_C언어프로젝트\block.c(765,37): warning C4047: '함수': 'int *'의 간접 참조 수준이 'int [4][4]'과(와) 다릅니다.
C:\Users\rohgi\실습파일\C\_C언어프로젝트\block.c(765,34): warning C4024: 'checkXsize': 형식 및 실제 매개 변수 1의 형식이 서로 다릅니다.
C:\Users\rohgi\실습파일\C\_C언어프로젝트\block.c(769,37): warning C4047: '함수': 'int *'의 간접 참조 수준이 'int [4][4]'과(와) 다릅니다.
C:\Users\rohgi\실습파일\C\_C언어프로젝트\block.c(769,34): warning C4024: 'checkXsize': 형식 및 실제 매개 변수 1의 형식이 서로 다릅니다.
C:\Users\rohgi\실습파일\C\_C언어프로젝트\block.c(773,37): warning C4047: '함수': 'int *'의 간접 참조 수준이 'int [4][4]'과(와) 다릅니다.
C:\Users\rohgi\실습파일\C\_C언어프로젝트\block.c(773,34): warning C4024: 'checkXsize': 형식 및 실제 매개 변수 1의 형식이 서로 다릅니다.
  data.c
C:\Users\rohgi\실습파일\C\_C언어프로젝트\data.c(26,17): warning C4244: '초기화 중': 'my_ulonglong'에서 'int'(으)로 변환하면서 데이터가 손실될 수 있습니다.
C:\Users\rohgi\실습파일\C\_C언어프로젝트\data.c(56,2): warning C4996: 'sprintf': This function or variable may be unsafe. Consider using sprintf_s instead. To disable deprecation, use _CRT_SECURE_NO_WARNINGS. See online help for details.
C:\Users\rohgi\실습파일\C\_C언어프로젝트\data.c(84,2): warning C4013: 'printR'이(가) 정의되지 않았습니다. extern은 int형을 반환하는 것으로 간주합니다.
C:\Users\rohgi\실습파일\C\_C언어프로젝트\data.c(85,2): warning C4013: 'printA'이(가) 정의되지 않았습니다. extern은 int형을 반환하는 것으로 간주합니다.
C:\Users\rohgi\실습파일\C\_C언어프로젝트\data.c(86,2): warning C4013: 'printN'이(가) 정의되지 않았습니다. extern은 int형을 반환하는 것으로 간주합니다.
C:\Users\rohgi\실습파일\C\_C언어프로젝트\data.c(87,2): warning C4013: 'printK'이(가) 정의되지 않았습니다. extern은 int형을 반환하는 것으로 간주합니다.
C:\Users\rohgi\실습파일\C\_C언어프로젝트\data.c(90,2): warning C4013: 'gotoxy'이(가) 정의되지 않았습니다. extern은 int형을 반환하는 것으로 간주합니다.
C:\Users\rohgi\실습파일\C\_C언어프로젝트\data.c(126,9): warning C4013: 'kbhit'이(가) 정의되지 않았습니다. extern은 int형을 반환하는 것으로 간주합니다.
C:\Users\rohgi\실습파일\C\_C언어프로젝트\data.c(126,18): warning C4013: 'getch'이(가) 정의되지 않았습니다. extern은 int형을 반환하는 것으로 간주합니다.
C:\Users\rohgi\실습파일\C\_C언어프로젝트\data.c(94,17): warning C4244: '초기화 중': 'my_ulonglong'에서 'int'(으)로 변환하면서 데이터가 손실될 수 있습니다.
  main.c
C:\Users\rohgi\실습파일\C\_C언어프로젝트\block.h(1,1): warning C4828: 파일에 0x51f 오프셋에서 시작하는 문자가 포함되어 있습니다. 이 문자는 현재 원본 문자 집합에서 잘못된 문자입니다(코드 페이지 949).
  screen.c
C:\Users\rohgi\실습파일\C\_C언어프로젝트\screen.c(91,8): warning C4013: 'kbhit'이(가) 정의되지 않았습니다. extern은 int형을 반환하는 것으로 간주합니다.
C:\Users\rohgi\실습파일\C\_C언어프로젝트\screen.c(92,17): warning C4013: 'getch'이(가) 정의되지 않았습니다. extern은 int형을 반환하는 것으로 간주합니다.
C:\Users\rohgi\실습파일\C\_C언어프로젝트\screen.c(185,8): warning C4013: 'time'이(가) 정의되지 않았습니다. extern은 int형을 반환하는 것으로 간주합니다.
C:\Users\rohgi\실습파일\C\_C언어프로젝트\screen.c(486,15): warning C4013: 'checkRank'이(가) 정의되지 않았습니다. extern은 int형을 반환하는 것으로 간주합니다.
C:\Users\rohgi\실습파일\C\_C언어프로젝트\screen.c(497,3): warning C4013: 'insertRank'이(가) 정의되지 않았습니다. extern은 int형을 반환하는 것으로 간주합니다.
C:\Users\rohgi\실습파일\C\_C언어프로젝트\screen.c(496,3): warning C4996: 'scanf': This function or variable may be unsafe. Consider using scanf_s instead. To disable deprecation, use _CRT_SECURE_NO_WARNINGS. See online help for details.
  코드를 생성하고 있습니다...
C:\Users\rohgi\실습파일\C\_C언어프로젝트\screen.c(441): warning C4715: 'scanGameOver': 모든 제어 경로에서 값을 반환하지는 않습니다.
C:\Users\rohgi\실습파일\C\_C언어프로젝트\block.c(197): warning C4715: 'blockCheckMoveLeft': 모든 제어 경로에서 값을 반환하지는 않습니다.
C:\Users\rohgi\실습파일\C\_C언어프로젝트\block.c(207): warning C4715: 'blockCheckMoveRight': 모든 제어 경로에서 값을 반환하지는 않습니다.
C:\Users\rohgi\실습파일\C\_C언어프로젝트\block.c(683): warning C4715: 'keyBoard': 모든 제어 경로에서 값을 반환하지는 않습니다.
C:\Users\rohgi\실습파일\C\_C언어프로젝트\block.c(530): warning C4715: 'blockCheckTurn': 모든 제어 경로에서 값을 반환하지는 않습니다.
C:\Users\rohgi\실습파일\C\_C언어프로젝트\block.c(901): warning C4715: 'setColor': 모든 제어 경로에서 값을 반환하지는 않습니다.
  _C언어프로젝트.vcxproj -> C:\Users\rohgi\실습파일\C\_C언어프로젝트\x64\Debug\_C언어프로젝트.exe
